src/components/LazyComponents.tsx(29,10): error TS2307: Cannot find module './AchievementModal' or its corresponding type declarations.
src/components/LazyComponents.tsx(48,10): error TS2307: Cannot find module './UserProfileView' or its corresponding type declarations.
src/components/MediaSearchBar.tsx(96,32): error TS2367: This comparison appears to be unintentional because the types 'MediaType' and '"books"' have no overlap.
src/components/MediaSearchBar.tsx(100,25): error TS2367: This comparison appears to be unintentional because the types 'MediaType' and '"games"' have no overlap.
src/components/MediaSearchBar.tsx(163,11): error TS2820: Type '"movies"' is not assignable to type 'MediaType'. Did you mean '"movie"'?
src/components/MediaSearchBar.tsx(168,11): error TS2322: Type '"series"' is not assignable to type 'MediaType'.
src/components/MediaSearchBar.tsx(174,11): error TS2820: Type '"games"' is not assignable to type 'MediaType'. Did you mean '"game"'?
src/components/MediaSearchBar.tsx(178,11): error TS2820: Type '"books"' is not assignable to type 'MediaType'. Did you mean '"book"'?
src/components/MediaSearchBar.tsx(238,41): error TS2345: Argument of type '"anime" | "games" | "movies" | "series" | "books"' is not assignable to parameter of type 'MediaType'.
  Type '"games"' is not assignable to type 'MediaType'. Did you mean '"game"'?
src/components/modals/AddMediaConfirmModal.tsx(151,24): error TS2339: Property 'rating' does not exist on type 'ExternalMediaResult'.
src/components/modals/AddMediaConfirmModal.tsx(154,66): error TS2339: Property 'rating' does not exist on type 'ExternalMediaResult'.
src/components/modals/AddMediaFromSearchModal.tsx(138,9): error TS2353: Object literal may only specify known properties, and 'isFeatured' does not exist in type 'MediaItem'.
src/components/modals/AddMediaModal.tsx(181,9): error TS2353: Object literal may only specify known properties, and 'isFeatured' does not exist in type 'AddMediaData'.
src/components/modals/AddMediaModal.tsx(410,12): error TS2367: This comparison appears to be unintentional because the types 'MediaType' and '"books"' have no overlap.
src/components/modals/AddReviewModal.tsx(38,41): error TS2345: Argument of type '{ title: string; content: string; rating: number; mediaId: string; isFavorite: boolean; }' is not assignable to parameter of type 'AddReviewData'.
  Property 'spoilers' is missing in type '{ title: string; content: string; rating: number; mediaId: string; isFavorite: boolean; }' but required in type 'AddReviewData'.
src/components/modals/EditBeforeAddModal.tsx(26,19): error TS2339: Property 'rating' does not exist on type 'ExternalMediaResult'.
src/components/modals/EditBeforeAddModal.tsx(45,9): error TS2353: Object literal may only specify known properties, and 'rating' does not exist in type 'ExternalMediaResult'.
src/components/modals/EditMediaModal.tsx(230,20): error TS2367: This comparison appears to be unintentional because the types 'MediaType' and '"books"' have no overlap.
src/components/modals/EditMediaModal.tsx(235,25): error TS2367: This comparison appears to be unintentional because the types 'MediaType' and '"books"' have no overlap.
src/components/modals/EditMediaModal.tsx(239,32): error TS2367: This comparison appears to be unintentional because the types 'MediaType' and '"books"' have no overlap.
src/components/modals/EditMediaModal.tsx(244,14): error TS2367: This comparison appears to be unintentional because the types 'MediaType' and '"books"' have no overlap.
src/components/modals/MediaDetailModal.tsx(213,18): error TS2367: This comparison appears to be unintentional because the types 'MediaType' and '"books"' have no overlap.
src/components/NotificationCenter.tsx(200,46): error TS2339: Property 'createdAt' does not exist on type 'Notification'.
src/components/OptimizedAvatar.tsx(50,7): error TS2322: Type '"sm" | "md" | "lg" | "xl"' is not assignable to type '"sm" | "md" | "lg" | undefined'.
  Type '"xl"' is not assignable to type '"sm" | "md" | "lg" | undefined'.
src/components/OptimizedProfile.tsx(2,21): error TS2307: Cannot find module './Profile' or its corresponding type declarations.
src/components/PremiumBadge.tsx(51,12): error TS2322: Type '{ children: (false | Element)[]; className: string; initial: { scale: number; rotate: number; }; animate: { scale: number; rotate: number; }; transition: { type: string; stiffness: number; damping: number; duration: number; }; } | { ...; }' is not assignable to type 'IntrinsicAttributes & Omit<HTMLMotionProps<"div">, "ref"> & RefAttributes<HTMLDivElement>'.
  Type '{ children: (false | Element)[]; className: string; initial: { scale: number; rotate: number; }; animate: { scale: number; rotate: number; }; transition: { type: string; stiffness: number; damping: number; duration: number; }; }' is not assignable to type 'Omit<HTMLMotionProps<"div">, "ref">'.
    Types of property 'transition' are incompatible.
      Type '{ type: string; stiffness: number; damping: number; duration: number; }' is not assignable to type 'Transition<any> | undefined'.
        Type '{ type: string; stiffness: number; damping: number; duration: number; }' is not assignable to type 'TransitionWithValueOverrides<any>'.
          Type '{ type: string; stiffness: number; damping: number; duration: number; }' is not assignable to type 'ValueAnimationTransition<any>'.
            Types of property 'type' are incompatible.
              Type 'string' is not assignable to type 'AnimationGeneratorType | undefined'.
src/components/PremiumBadge.tsx(77,12): error TS2322: Type '{ children: (false | Element)[]; className: string; initial: { scale: number; rotate: number; }; animate: { scale: number; rotate: number; }; transition: { type: string; stiffness: number; damping: number; duration: number; }; } | { ...; }' is not assignable to type 'IntrinsicAttributes & Omit<HTMLMotionProps<"div">, "ref"> & RefAttributes<HTMLDivElement>'.
  Type '{ children: (false | Element)[]; className: string; initial: { scale: number; rotate: number; }; animate: { scale: number; rotate: number; }; transition: { type: string; stiffness: number; damping: number; duration: number; }; }' is not assignable to type 'Omit<HTMLMotionProps<"div">, "ref">'.
    Types of property 'transition' are incompatible.
      Type '{ type: string; stiffness: number; damping: number; duration: number; }' is not assignable to type 'Transition<any> | undefined'.
        Type '{ type: string; stiffness: number; damping: number; duration: number; }' is not assignable to type 'TransitionWithValueOverrides<any>'.
          Type '{ type: string; stiffness: number; damping: number; duration: number; }' is not assignable to type 'ValueAnimationTransition<any>'.
            Types of property 'type' are incompatible.
              Type 'string' is not assignable to type 'AnimationGeneratorType | undefined'.
src/components/PremiumBadge.tsx(94,12): error TS2322: Type '{ children: (false | Element)[]; className: string; initial: { scale: number; rotate: number; }; animate: { scale: number; rotate: number; }; transition: { type: string; stiffness: number; damping: number; duration: number; }; } | { ...; }' is not assignable to type 'IntrinsicAttributes & Omit<HTMLMotionProps<"div">, "ref"> & RefAttributes<HTMLDivElement>'.
  Type '{ children: (false | Element)[]; className: string; initial: { scale: number; rotate: number; }; animate: { scale: number; rotate: number; }; transition: { type: string; stiffness: number; damping: number; duration: number; }; }' is not assignable to type 'Omit<HTMLMotionProps<"div">, "ref">'.
    Types of property 'transition' are incompatible.
      Type '{ type: string; stiffness: number; damping: number; duration: number; }' is not assignable to type 'Transition<any> | undefined'.
        Type '{ type: string; stiffness: number; damping: number; duration: number; }' is not assignable to type 'TransitionWithValueOverrides<any>'.
          Type '{ type: string; stiffness: number; damping: number; duration: number; }' is not assignable to type 'ValueAnimationTransition<any>'.
            Types of property 'type' are incompatible.
              Type 'string' is not assignable to type 'AnimationGeneratorType | undefined'.
src/components/PremiumBadge.tsx(136,12): error TS2322: Type '{ children: Element; className: string; initial: { scale: number; rotate: number; }; animate: { scale: number; rotate: number; }; transition: { type: string; stiffness: number; damping: number; duration: number; }; } | { ...; }' is not assignable to type 'IntrinsicAttributes & Omit<HTMLMotionProps<"div">, "ref"> & RefAttributes<HTMLDivElement>'.
  Type '{ children: Element; className: string; initial: { scale: number; rotate: number; }; animate: { scale: number; rotate: number; }; transition: { type: string; stiffness: number; damping: number; duration: number; }; }' is not assignable to type 'Omit<HTMLMotionProps<"div">, "ref">'.
    Types of property 'transition' are incompatible.
      Type '{ type: string; stiffness: number; damping: number; duration: number; }' is not assignable to type 'Transition<any> | undefined'.
        Type '{ type: string; stiffness: number; damping: number; duration: number; }' is not assignable to type 'TransitionWithValueOverrides<any>'.
          Type '{ type: string; stiffness: number; damping: number; duration: number; }' is not assignable to type 'ValueAnimationTransition<any>'.
            Types of property 'type' are incompatible.
              Type 'string' is not assignable to type 'AnimationGeneratorType | undefined'.
src/components/UserSearch.tsx(41,62): error TS2339: Property 'displayName' does not exist on type 'UserProfile'.
src/components/UserSearch.tsx(105,35): error TS2339: Property 'displayName' does not exist on type 'UserProfile'.
src/components/UserSearch.tsx(111,30): error TS2551: Property 'isFollowing' does not exist on type 'UserProfile'. Did you mean 'following'?
src/components/UserSearch.tsx(121,29): error TS2551: Property 'isFollowing' does not exist on type 'UserProfile'. Did you mean 'following'?
src/design-system/components/GlassInput.tsx(329,13): error TS2741: Property 'children' is missing in type '{ className: string; }' but required in type 'GlassContainerProps'.
src/design-system/components/NeonPatterns.tsx(183,6): error TS2322: Type '{ children: Element; initial: { opacity: number; scaleX: number; }; animate: { opacity: number; scaleX: number; }; transition: { duration: number; ease: string; }; className: string; } | { children: Element; initial?: undefined; animate?: undefined; transition?: undefined; className: string; }' is not assignable to type 'IntrinsicAttributes & Omit<HTMLMotionProps<"div">, "ref"> & RefAttributes<HTMLDivElement> & ClassAttributes<...> & HTMLAttributes<...>'.
  Type '{ children: Element; initial: { opacity: number; scaleX: number; }; animate: { opacity: number; scaleX: number; }; transition: { duration: number; ease: string; }; className: string; }' is not assignable to type 'Omit<HTMLMotionProps<"div">, "ref">'.
    Types of property 'transition' are incompatible.
      Type '{ duration: number; ease: string; }' is not assignable to type 'Transition<any> | undefined'.
        Type '{ duration: number; ease: string; }' is not assignable to type 'TransitionWithValueOverrides<any>'.
          Type '{ duration: number; ease: string; }' is not assignable to type 'ValueAnimationTransition<any>'.
            Types of property 'ease' are incompatible.
              Type 'string' is not assignable to type 'Easing | Easing[] | undefined'.
src/design-system/components/NeonPatterns.tsx(430,6): error TS2322: Type '{ children: Element; initial: { opacity: number; scale: number; rotate: number; }; animate: { opacity: number; scale: number; rotate: number; }; transition: { duration: number; ease: string; delay: number; }; className: string; style: { ...; }; } | { ...; }' is not assignable to type 'IntrinsicAttributes & Omit<HTMLMotionProps<"div">, "ref"> & RefAttributes<HTMLDivElement> & ClassAttributes<...> & HTMLAttributes<...>'.
  Type '{ children: Element; initial: { opacity: number; scale: number; rotate: number; }; animate: { opacity: number; scale: number; rotate: number; }; transition: { duration: number; ease: string; delay: number; }; className: string; style: { ...; }; }' is not assignable to type 'Omit<HTMLMotionProps<"div">, "ref">'.
    Types of property 'transition' are incompatible.
      Type '{ duration: number; ease: string; delay: number; }' is not assignable to type 'Transition<any> | undefined'.
        Type '{ duration: number; ease: string; delay: number; }' is not assignable to type 'TransitionWithValueOverrides<any>'.
          Type '{ duration: number; ease: string; delay: number; }' is not assignable to type 'ValueAnimationTransition<any>'.
            Types of property 'ease' are incompatible.
              Type 'string' is not assignable to type 'Easing | Easing[] | undefined'.
src/hooks/usePerformanceOptimization.ts(64,14): error TS2686: 'React' refers to a UMD global, but the current file is a module. Consider adding an import instead.
src/hooks/usePerformanceOptimization.ts(150,37): error TS2304: Cannot find name 'useState'.
src/hooks/usePerformanceOptimization.ts(151,31): error TS2304: Cannot find name 'useState'.
src/i18n/index.tsx(28,82): error TS2339: Property 'toLowerCase' does not exist on type 'string | false'.
  Property 'toLowerCase' does not exist on type 'false'.
src/pages/Library/index.tsx(957,13): error TS2322: Type '{ onClose: () => void; onAddMedia: (result: ExternalMediaResult) => void; }' is not assignable to type 'IntrinsicAttributes & AddMediaSearchModalProps'.
  Property 'onAddMedia' does not exist on type 'IntrinsicAttributes & AddMediaSearchModalProps'.
src/pages/UserProfile.tsx(78,23): error TS2551: Property 'isFollowing' does not exist on type 'UserProfile'. Did you mean 'following'?
src/pages/UserProfile.tsx(85,48): error TS2339: Property 'displayName' does not exist on type 'UserProfile'.
src/pages/UserProfile.tsx(92,65): error TS2339: Property 'displayName' does not exist on type 'UserProfile'.
src/pages/UserProfile.tsx(147,34): error TS2339: Property 'displayName' does not exist on type 'UserProfile'.
src/pages/UserProfile.tsx(160,30): error TS2339: Property 'displayName' does not exist on type 'UserProfile'.
src/pages/UserProfile.tsx(173,29): error TS2551: Property 'isFollowing' does not exist on type 'UserProfile'. Did you mean 'following'?
src/pages/UserProfile.tsx(178,28): error TS2551: Property 'isFollowing' does not exist on type 'UserProfile'. Did you mean 'following'?
src/services/achievementService.ts(17,7): error TS2322: Type 'string | null' is not assignable to type 'string'.
  Type 'null' is not assignable to type 'string'.
src/services/achievementService.ts(20,37): error TS2339: Property 'data' does not exist on type 'UserAchievement'.
src/services/achievementService.ts(41,34): error TS2322: Type 'string | null' is not assignable to type 'string'.
  Type 'null' is not assignable to type 'string'.
src/services/achievementService.ts(133,52): error TS2367: This comparison appears to be unintentional because the types 'MediaType' and '"games"' have no overlap.
src/services/achievementService.ts(138,23): error TS2367: This comparison appears to be unintentional because the types 'MediaType' and '"games"' have no overlap.
src/services/achievementService.ts(144,23): error TS2367: This comparison appears to be unintentional because the types 'MediaType' and '"games"' have no overlap.
src/services/achievementService.ts(149,52): error TS2367: This comparison appears to be unintentional because the types 'MediaType' and '"books"' have no overlap.
src/services/achievementService.ts(155,25): error TS2367: This comparison appears to be unintentional because the types 'MediaType' and '"books"' have no overlap.
src/services/achievementService.ts(161,23): error TS2367: This comparison appears to be unintentional because the types 'MediaType' and '"movies"' have no overlap.
src/services/achievementService.ts(161,49): error TS2367: This comparison appears to be unintentional because the types 'MediaType' and '"series"' have no overlap.
src/services/achievementService.ts(167,31): error TS2367: This comparison appears to be unintentional because the types 'MediaType' and '"movies"' have no overlap.
src/services/achievementService.ts(167,57): error TS2367: This comparison appears to be unintentional because the types 'MediaType' and '"series"' have no overlap.
src/services/archiviusService.ts(381,40): error TS2345: Argument of type '([type, items]: [string, any[]]) => { type: string; count: number; completed: number; averageRating: number; topTags: string[]; items: any[]; }' is not assignable to parameter of type '(value: [string, unknown], index: number, array: [string, unknown][]) => { type: string; count: number; completed: number; averageRating: number; topTags: string[]; items: any[]; }'.
  Types of parameters '__0' and 'value' are incompatible.
    Type '[string, unknown]' is not assignable to type '[string, any[]]'.
      Type at position 1 in source is not compatible with type at position 1 in target.
        Type 'unknown' is not assignable to type 'any[]'.
src/services/capacitorService.ts(1,10): error TS2300: Duplicate identifier 'Capacitor'.
src/services/capacitorService.ts(3,10): error TS2300: Duplicate identifier 'Capacitor'.
src/services/externalMediaService.ts(218,11): error TS2353: Object literal may only specify known properties, and 'rating' does not exist in type 'ExternalMediaResult'.
src/services/externalMediaService.ts(240,14): error TS2678: Type '"books"' is not comparable to type 'MediaType'.
src/services/externalMediaService.ts(242,14): error TS2678: Type '"movies"' is not comparable to type 'MediaType'.
src/services/externalMediaService.ts(244,14): error TS2678: Type '"games"' is not comparable to type 'MediaType'.
src/services/externalMediaService.ts(246,14): error TS2678: Type '"series"' is not comparable to type 'MediaType'.
src/services/externalMediaService.ts(254,14): error TS2678: Type '"dorama"' is not comparable to type 'MediaType'.
src/services/mediaService.ts(117,9): error TS2739: Type '{ createdAt: string; updatedAt: string; tags: string[]; }' is missing the following properties from type 'Omit<MediaItem, "id">': type, title, status
